ZXingTest/app/build/outputs/logs/manifest-merger-debug-report.txt
-- Merging decision tree log ---
manifest
ADDED from src\main\AndroidManifest.xml:2:1-50:12
	package
		ADDED from src\main\AndroidManifest.xml:4:2-31
		INJECTED from src\main\AndroidManifest.xml
		INJECTED from src\main\AndroidManifest.xml
	android:versionName
		ADDED from src\main\AndroidManifest.xml:5:2-27
		INJECTED from src\main\AndroidManifest.xml
		INJECTED from src\main\AndroidManifest.xml
	android:versionCode
		ADDED from src\main\AndroidManifest.xml:6:2-25
		INJECTED from src\main\AndroidManifest.xml
		INJECTED from src\main\AndroidManifest.xml
	xmlns:android
		ADDED from src\main\AndroidManifest.xml:3:2-60
supports-screens
ADDED from src\main\AndroidManifest.xml:8:2-12:30
	android:largeScreens
		ADDED from src\main\AndroidManifest.xml:9:3-30
	android:smallScreens
		ADDED from src\main\AndroidManifest.xml:11:3-30
	android:normalScreens
		ADDED from src\main\AndroidManifest.xml:10:3-31
	android:anyDensity
		ADDED from src\main\AndroidManifest.xml:12:3-28
application
ADDED from src\main\AndroidManifest.xml:14:2-40:17
	android:label
		ADDED from src\main\AndroidManifest.xml:16:3-35
	android:icon
		ADDED from src\main\AndroidManifest.xml:15:5-43
activity#kr.pe.theeye.qrcode.MainActivity
ADDED from src\main\AndroidManifest.xml:18:2-26:13
	android:screenOrientation
		ADDED from src\main\AndroidManifest.xml:20:3-39
	android:configChanges
		ADDED from src\main\AndroidManifest.xml:21:3-53
	android:name
		ADDED from src\main\AndroidManifest.xml:19:3-31
intent-filter#android.intent.action.MAIN+android.intent.category.LAUNCHER
ADDED from src\main\AndroidManifest.xml:22:3-25:19
action#android.intent.action.MAIN
ADDED from src\main\AndroidManifest.xml:23:4-55
	android:name
		ADDED from src\main\AndroidManifest.xml:23:12-53
category#android.intent.category.LAUNCHER
ADDED from src\main\AndroidManifest.xml:24:4-63
	android:name
		ADDED from src\main\AndroidManifest.xml:24:14-61
activity#com.google.zxing.client.android.CaptureActivity
ADDED from src\main\AndroidManifest.xml:28:2-38:13
	android:screenOrientation
		ADDED from src\main\AndroidManifest.xml:30:3-40
	android:windowSoftInputMode
		ADDED from src\main\AndroidManifest.xml:33:3-50
	android:configChanges
		ADDED from src\main\AndroidManifest.xml:31:3-53
	android:theme
		ADDED from src\main\AndroidManifest.xml:32:3-61
	android:name
		ADDED from src\main\AndroidManifest.xml:29:3-65
intent-filter#android.intent.category.DEFAULT+com.google.zxing.client.android.SCAN
ADDED from src\main\AndroidManifest.xml:34:3-37:19
action#com.google.zxing.client.android.SCAN
ADDED from src\main\AndroidManifest.xml:35:4-65
	android:name
		ADDED from src\main\AndroidManifest.xml:35:12-63
category#android.intent.category.DEFAULT
ADDED from src\main\AndroidManifest.xml:36:4-62
	android:name
		ADDED from src\main\AndroidManifest.xml:36:14-60
uses-feature#android.hardware.camera
ADDED from src\main\AndroidManifest.xml:42:3-57
	android:name
		ADDED from src\main\AndroidManifest.xml:42:17-55
uses-permission#android.permission.CAMERA
ADDED from src\main\AndroidManifest.xml:43:3-62
	android:name
		ADDED from src\main\AndroidManifest.xml:43:20-60
uses-permission#android.permission.INTERNET
ADDED from src\main\AndroidManifest.xml:44:3-64
	android:name
		ADDED from src\main\AndroidManifest.xml:44:20-62
uses-permission#android.permission.FLASHLIGHT
ADDED from src\main\AndroidManifest.xml:45:3-66
	android:name
		ADDED from src\main\AndroidManifest.xml:45:20-64
uses-permission#android.permission.WRITE_EXTERNAL_STORAGE
ADDED from src\main\AndroidManifest.xml:46:3-78
	android:name
		ADDED from src\main\AndroidManifest.xml:46:20-76
uses-sdk
ADDED from src\main\AndroidManifest.xml:48:3-40
	android:targetSdkVersion
		INJECTED from src\main\AndroidManifest.xml
		INJECTED from src\main\AndroidManifest.xml
	android:minSdkVersion
		ADDED from src\main\AndroidManifest.xml:48:13-38
		INJECTED from src\main\AndroidManifest.xml
		INJECTED from src\main\AndroidManifest.xml